TN:
SF:/Users/kcorbelli/Documents/practice-scripts/javascript_practice/type-checker/determineArgumentType.js
FNF:0
FNH:0
DA:3,1
DA:4,26
DA:5,26
DA:6,2
DA:8,24
DA:9,2
DA:11,22
DA:12,9
DA:14,13
DA:15,4
DA:17,9
DA:18,3
DA:20,6
DA:21,2
DA:23,4
DA:24,2
DA:26,2
DA:29,26
DA:32,1
LF:19
LH:19
BRDA:5,1,0,2
BRDA:5,1,1,24
BRDA:8,2,0,2
BRDA:8,2,1,22
BRDA:11,3,0,9
BRDA:11,3,1,13
BRDA:14,4,0,4
BRDA:14,4,1,9
BRDA:17,5,0,3
BRDA:17,5,1,6
BRDA:20,6,0,2
BRDA:20,6,1,4
BRDA:23,7,0,2
BRDA:23,7,1,2
BRF:14
BRH:14
end_of_record
TN:
SF:/Users/kcorbelli/Documents/practice-scripts/javascript_practice/type-checker/typeCheck.js
FNF:0
FNH:0
DA:3,1
DA:5,1
DA:6,16
DA:7,16
DA:8,8
DA:9,8
DA:13,1
LF:7
LH:7
BRDA:7,1,0,8
BRDA:7,1,1,8
BRF:2
BRH:2
end_of_record
