TN:
SF:/Users/kcorbelli/Documents/practice-scripts/javascript_practice/type-checker/determineArgumentType.js
FNF:0
FNH:0
DA:3,1
DA:4,10
DA:5,10
DA:6,1
DA:8,9
DA:9,1
DA:11,8
DA:12,1
DA:14,7
DA:15,2
DA:17,5
DA:18,2
DA:20,3
DA:21,1
DA:23,2
DA:24,1
DA:26,1
DA:29,10
DA:32,1
LF:19
LH:19
BRDA:5,1,0,1
BRDA:5,1,1,9
BRDA:8,2,0,1
BRDA:8,2,1,8
BRDA:11,3,0,1
BRDA:11,3,1,7
BRDA:14,4,0,2
BRDA:14,4,1,5
BRDA:17,5,0,2
BRDA:17,5,1,3
BRDA:20,6,0,1
BRDA:20,6,1,2
BRDA:23,7,0,1
BRDA:23,7,1,1
BRF:14
BRH:14
end_of_record
TN:
SF:/Users/kcorbelli/Documents/practice-scripts/javascript_practice/type-checker/typeCheck.js
FNF:0
FNH:0
DA:3,1
DA:7,1
LF:2
LH:2
BRF:0
BRH:0
end_of_record
